2024-01-22T11:51:04.283882Z 0 [Warning] [MY-010097] [Server] Insecure configuration for --secure-file-priv: Current value does not restrict location of generated files. Consider setting it to a valid, non-empty path.
2024-01-22T11:51:04.284012Z 0 [Warning] [MY-010918] [Server] 'default_authentication_plugin' is deprecated and will be removed in a future release. Please use authentication_policy instead.
2024-01-22T11:51:04.284056Z 0 [System] [MY-010116] [Server] C:\laragon\bin\mysql\mysql-8.0.30-winx64\bin\mysqld (mysqld 8.0.30) starting as process 13528
2024-01-22T11:51:04.373125Z 1 [System] [MY-013576] [InnoDB] InnoDB initialization has started.
2024-01-22T11:51:06.762882Z 1 [System] [MY-013577] [InnoDB] InnoDB initialization has ended.
2024-01-22T11:51:09.202233Z 0 [Warning] [MY-013829] [Server] Missing data directory for ICU regular expressions: C:\laragon\bin\mysql\mysql-8.0.30-winx64\lib\private\.
2024-01-22T11:51:09.209377Z 0 [Warning] [MY-010068] [Server] CA certificate ca.pem is self signed.
2024-01-22T11:51:09.210933Z 0 [System] [MY-013602] [Server] Channel mysql_main configured to support TLS. Encrypted connections are now supported for this channel.
2024-01-22T11:51:09.375668Z 0 [System] [MY-011323] [Server] X Plugin ready for connections. Bind-address: '::' port: 33060
2024-01-22T11:51:09.375865Z 0 [System] [MY-010931] [Server] C:\laragon\bin\mysql\mysql-8.0.30-winx64\bin\mysqld: ready for connections. Version: '8.0.30'  socket: ''  port: 3306  MySQL Community Server - GPL.
2024-01-22T12:27:32.021525Z 175 [Warning] [MY-010055] [Server] IP address '192.168.1.194' could not be resolved: No such host is known. 
2024-01-22T14:38:20.775707Z 0 [Warning] [MY-010097] [Server] Insecure configuration for --secure-file-priv: Current value does not restrict location of generated files. Consider setting it to a valid, non-empty path.
2024-01-22T14:38:20.776193Z 0 [Warning] [MY-010918] [Server] 'default_authentication_plugin' is deprecated and will be removed in a future release. Please use authentication_policy instead.
2024-01-22T14:38:20.776241Z 0 [System] [MY-010116] [Server] C:\laragon\bin\mysql\mysql-8.0.30-winx64\bin\mysqld (mysqld 8.0.30) starting as process 20848
2024-01-22T14:38:20.830615Z 1 [System] [MY-013576] [InnoDB] InnoDB initialization has started.
2024-01-22T14:38:20.834657Z 1 [ERROR] [MY-012271] [InnoDB] The innodb_system data file 'ibdata1' must be writable
2024-01-22T14:38:20.835347Z 1 [ERROR] [MY-012278] [InnoDB] The innodb_system data file 'ibdata1' must be writable
2024-01-22T14:38:20.836135Z 1 [ERROR] [MY-010334] [Server] Failed to initialize DD Storage Engine
2024-01-22T14:38:20.837469Z 0 [ERROR] [MY-010020] [Server] Data Dictionary initialization failed.
2024-01-22T14:38:20.837953Z 0 [ERROR] [MY-010119] [Server] Aborting
2024-01-22T14:38:20.847214Z 0 [System] [MY-010910] [Server] C:\laragon\bin\mysql\mysql-8.0.30-winx64\bin\mysqld: Shutdown complete (mysqld 8.0.30)  MySQL Community Server - GPL.
